<?xml version="1.0" encoding="UTF-8"?>
<!-- Generated by org.testng.reporters.JUnitReportReporter -->
<testsuite hostname="LAPTOP-SPD73LKK" failures="0" tests="7" name="annatations.priority" time="0.013" errors="0" timestamp="2021-12-06T14:43:36 IST" skipped="1">
  <testcase classname="annatations.priority" name="signup" time="0.006"/>
  <system-out/>
  <testcase classname="annatations.priority" name="searchforproduct" time="0.001"/>
  <system-out/>
  <testcase classname="annatations.priority" name="buytheproduct" time="0.001"/>
  <system-out/>
  <testcase classname="annatations.priority" name="choosetheproduct" time="0.002"/>
  <system-out/>
  <testcase classname="annatations.priority" name="addtheproduct" time="0.002"/>
  <system-out/>
  <testcase classname="annatations.priority" name="signout" time="0.001"/>
  <system-out/>
  <testcase classname="annatations.priority" name="selecttheproduct">
    <skipped/>
  </testcase> <!-- selecttheproduct -->
  <system-out/>
</testsuite> <!-- annatations.priority -->
