<?xml version="1.0" encoding="UTF-8"?>
<!-- Generated by org.testng.reporters.JUnitReportReporter -->
<testsuite hostname="LAPTOP-SPD73LKK" failures="0" tests="2" name="attributes.Groups" time="0.011" errors="0" timestamp="2021-12-06T17:45:29 IST" skipped="0">
  <testcase classname="attributes.Groups" name="Login" time="0.009"/>
  <system-out/>
  <testcase classname="attributes.Groups" name="Signin" time="0.002"/>
  <system-out/>
</testsuite> <!-- attributes.Groups -->
