<?xml version="1.0" encoding="UTF-8"?>
<!-- Generated by org.testng.reporters.JUnitReportReporter -->
<testsuite hostname="LAPTOP-SPD73LKK" failures="0" tests="2" name="annatations.BAM" time="12.963" errors="0" timestamp="2021-12-13T15:26:28 IST" skipped="0">
  <testcase classname="annatations.BAM" name="test2" time="2.602"/>
  <system-out/>
  <testcase classname="annatations.BAM" name="test1" time="10.361"/>
  <system-out/>
</testsuite> <!-- annatations.BAM -->
