<?xml version="1.0" encoding="UTF-8"?>
<!-- Generated by org.testng.reporters.JUnitReportReporter -->
<testsuite hostname="LAPTOP-SPD73LKK" failures="0" tests="1" name="attributes.ExpectedExpection" time="2.999" errors="0" timestamp="2021-12-06T17:13:58 IST" skipped="0">
  <testcase classname="attributes.ExpectedExpection" name="f" time="2.999"/>
  <system-out/>
</testsuite> <!-- attributes.ExpectedExpection -->
