<?xml version="1.0" encoding="UTF-8"?>
<!-- Generated by org.testng.reporters.JUnitReportReporter -->
<testsuite hostname="LAPTOP-SPD73LKK" failures="0" tests="1" name="annatations.bh" time="1.480" errors="0" timestamp="2021-12-03T20:18:16 IST" skipped="0">
  <testcase classname="annatations.bh" name="main" time="1.480"/>
  <system-out/>
</testsuite> <!-- annatations.bh -->
