<?xml version="1.0" encoding="UTF-8"?>
<!-- Generated by org.testng.reporters.JUnitReportReporter -->
<testsuite hostname="LAPTOP-SPD73LKK" failures="0" tests="2" name="attributes.Dataprovider" time="8.026" errors="0" timestamp="2021-12-07T14:22:39 IST" skipped="0">
  <testcase classname="attributes.Dataprovider" name="f" time="3.558"/>
  <system-out/>
  <testcase classname="attributes.Dataprovider" name="f" time="4.468"/>
  <system-out/>
</testsuite> <!-- attributes.Dataprovider -->
