<?xml version="1.0" encoding="UTF-8"?>
<!-- Generated by org.testng.reporters.JUnitReportReporter -->
<testsuite hostname="LAPTOP-SPD73LKK" failures="0" tests="1" name="annatations.NewTest" time="6.061" errors="0" timestamp="2021-12-01T09:18:19 IST" skipped="0">
  <testcase classname="annatations.NewTest" name="f" time="6.061"/>
  <system-out/>
</testsuite> <!-- annatations.NewTest -->
