<?xml version="1.0" encoding="UTF-8"?>
<!-- Generated by org.testng.reporters.JUnitReportReporter -->
<testsuite hostname="LAPTOP-SPD73LKK" failures="0" tests="2" name="annatations.BAC" time="17.822" errors="0" timestamp="2021-12-13T15:12:28 IST" skipped="0">
  <testcase classname="annatations.BAC" name="a" time="14.952"/>
  <system-out/>
  <testcase classname="annatations.BAC" name="f" time="2.870"/>
  <system-out/>
</testsuite> <!-- annatations.BAC -->
