<?xml version="1.0" encoding="UTF-8"?>
<!-- Generated by org.testng.reporters.JUnitReportReporter -->
<testsuite hostname="LAPTOP-SPD73LKK" failures="0" tests="2" name="annatations.Learndataprovider" time="12.870" errors="0" timestamp="2021-12-07T17:55:00 IST" skipped="0">
  <testcase classname="annatations.Learndataprovider" name="f" time="6.463"/>
  <system-out/>
  <testcase classname="annatations.Learndataprovider" name="f" time="6.407"/>
  <system-out/>
</testsuite> <!-- annatations.Learndataprovider -->
