<?xml version="1.0" encoding="UTF-8"?>
<!-- Generated by org.testng.reporters.JUnitReportReporter -->
<testsuite hostname="LAPTOP-SPD73LKK" failures="0" tests="4" name="attributes.Threadpool" time="29.171" errors="0" timestamp="2021-12-06T16:49:52 IST" skipped="0">
  <testcase classname="attributes.Threadpool" name="f" time="7.320"/>
  <system-out/>
  <testcase classname="attributes.Threadpool" name="f" time="7.262"/>
  <system-out/>
  <testcase classname="attributes.Threadpool" name="f" time="7.345"/>
  <system-out/>
  <testcase classname="attributes.Threadpool" name="f" time="7.244"/>
  <system-out/>
</testsuite> <!-- attributes.Threadpool -->
