<?xml version="1.0" encoding="UTF-8"?>
<!-- Generated by org.testng.reporters.JUnitReportReporter -->
<testsuite hostname="LAPTOP-SPD73LKK" failures="0" tests="1" name="annatations.Parameters" time="5.614" errors="0" timestamp="2021-12-06T18:07:33 IST" skipped="0">
  <testcase classname="annatations.Parameters" name="f" time="5.614"/>
  <system-out/>
</testsuite> <!-- annatations.Parameters -->
