<?xml version="1.0" encoding="UTF-8"?>
<!-- Generated by org.testng.reporters.JUnitReportReporter -->
<testsuite hostname="LAPTOP-SPD73LKK" failures="0" tests="1" name="annatations.invocationcount" time="10.478" errors="0" timestamp="2021-12-06T14:24:15 IST" skipped="0">
  <testcase classname="annatations.invocationcount" name="f" time="10.478"/>
  <system-out/>
</testsuite> <!-- annatations.invocationcount -->
