<?xml version="1.0" encoding="UTF-8"?>
<!-- Generated by org.testng.reporters.JUnitReportReporter -->
<testsuite hostname="LAPTOP-SPD73LKK" failures="0" tests="2" name="annatations.Newmultipletests" time="19.167" errors="0" timestamp="2021-12-03T16:11:05 IST" skipped="0">
  <testcase classname="annatations.Newmultipletests" name="test2" time="15.547"/>
  <system-out/>
  <testcase classname="annatations.Newmultipletests" name="test1" time="3.620"/>
  <system-out/>
</testsuite> <!-- annatations.Newmultipletests -->
